<?xml version="1.0" encoding="UTF-8"?>
<testng-results ignored="0" total="1" passed="1" failed="0" skipped="0">
  <reporter-output>
  </reporter-output>
  <suite started-at="2020-07-11T22:29:35Z" name="Data Driven Basics" finished-at="2020-07-11T22:29:35Z" duration-ms="24">
    <groups>
    </groups>
    <test started-at="2020-07-11T22:29:35Z" name="New Test" finished-at="2020-07-11T22:29:35Z" duration-ms="24">
      <class name="example.NewTest">
        <test-method is-config="true" signature="beforeTest()[pri:0, instance:example.NewTest@52e6fdee]" started-at="2020-07-11T18:29:35Z" name="beforeTest" finished-at="2020-07-11T18:29:35Z" duration-ms="10" status="PASS">
          <reporter-output>
          </reporter-output>
        </test-method> <!-- beforeTest -->
        <test-method signature="f()[pri:0, instance:example.NewTest@52e6fdee]" started-at="2020-07-11T18:29:35Z" name="f" finished-at="2020-07-11T18:29:35Z" duration-ms="1" status="PASS">
          <reporter-output>
          </reporter-output>
        </test-method> <!-- f -->
        <test-method is-config="true" signature="afterTest()[pri:0, instance:example.NewTest@52e6fdee]" started-at="2020-07-11T18:29:35Z" name="afterTest" finished-at="2020-07-11T18:29:35Z" duration-ms="0" status="PASS">
          <reporter-output>
          </reporter-output>
        </test-method> <!-- afterTest -->
      </class> <!-- example.NewTest -->
    </test> <!-- New Test -->
  </suite> <!-- Data Driven Basics -->
</testng-results>
